This file contains any messages produced by compilers while
running configure, to aid debugging if configure makes a mistake.

It was created by configure, which was
generated by GNU Autoconf 2.59.  Invocation command line was

  $ ./configure --no-create --no-recursion

## --------- ##
## Platform. ##
## --------- ##

hostname = phrozensmoke1
uname -m = i686
uname -r = 2.6.8-24-default
uname -s = Linux
uname -v = #1 Wed Oct 6 09:16:23 UTC 2004

/usr/bin/uname -p = unknown
/bin/uname -X     = unknown

/bin/arch              = i686
/usr/bin/arch -k       = unknown
/usr/convex/getsysinfo = unknown
hostinfo               = unknown
/bin/machine           = unknown
/usr/bin/oslevel       = unknown
/bin/universe          = unknown

PATH: /sbin
PATH: /usr/sbin
PATH: /usr/local/sbin
PATH: /root/bin
PATH: /usr/local/bin
PATH: /usr/bin
PATH: /usr/X11R6/bin
PATH: /bin
PATH: /usr/games
PATH: /opt/gnome/bin
PATH: /opt/kde3/bin
PATH: .


## ----------- ##
## Core tests. ##
## ----------- ##

configure:1312: checking for a BSD-compatible install
configure:1367: result: /usr/bin/install -c
configure:1378: checking whether build environment is sane
configure:1421: result: yes
configure:1454: checking for gawk
configure:1470: found /usr/bin/gawk
configure:1480: result: gawk
configure:1490: checking whether make sets $(MAKE)
configure:1510: result: yes
configure:1682: checking for style of include used by make
configure:1710: result: GNU
configure:1781: checking for gcc
configure:1797: found /usr/local/bin/gcc
configure:1807: result: gcc
configure:2051: checking for C compiler version
configure:2054: gcc --version </dev/null >&5
gcc (GCC) 3.3.4 (pre 3.3.5 20040809)
Copyright (C) 2003 Free Software Foundation, Inc.
This is free software; see the source for copying conditions.  There is NO
warranty; not even for MERCHANTABILITY or FITNESS FOR A PARTICULAR PURPOSE.

configure:2057: $? = 0
configure:2059: gcc -v </dev/null >&5
Reading specs from /usr/lib/gcc-lib/i586-suse-linux/3.3.4/specs
Configured with: ../configure --enable-threads=posix --prefix=/usr --with-local-prefix=/usr/local --infodir=/usr/share/info --mandir=/usr/share/man --enable-languages=c,c++,f77,objc,java,ada --disable-checking --libdir=/usr/lib --enable-libgcj --with-gxx-include-dir=/usr/include/g++ --with-slibdir=/lib --with-system-zlib --enable-shared --enable-__cxa_atexit i586-suse-linux
Thread model: posix
gcc version 3.3.4 (pre 3.3.5 20040809)
configure:2062: $? = 0
configure:2064: gcc -V </dev/null >&5
gcc: `-V' option must have argument
configure:2067: $? = 1
configure:2090: checking for C compiler default output file name
configure:2093: gcc    conftest.c  >&5
configure:2096: $? = 0
configure:2142: result: a.out
configure:2147: checking whether the C compiler works
configure:2153: ./a.out
configure:2156: $? = 0
configure:2173: result: yes
configure:2180: checking whether we are cross compiling
configure:2182: result: no
configure:2185: checking for suffix of executables
configure:2187: gcc -o conftest    conftest.c  >&5
configure:2190: $? = 0
configure:2215: result: 
configure:2221: checking for suffix of object files
configure:2242: gcc -c   conftest.c >&5
configure:2245: $? = 0
configure:2267: result: o
configure:2271: checking whether we are using the GNU C compiler
configure:2295: gcc -c   conftest.c >&5
configure:2301: $? = 0
configure:2305: test -z 
			 || test ! -s conftest.err
configure:2308: $? = 0
configure:2311: test -s conftest.o
configure:2314: $? = 0
configure:2327: result: yes
configure:2333: checking whether gcc accepts -g
configure:2354: gcc -c -g  conftest.c >&5
configure:2360: $? = 0
configure:2364: test -z 
			 || test ! -s conftest.err
configure:2367: $? = 0
configure:2370: test -s conftest.o
configure:2373: $? = 0
configure:2384: result: yes
configure:2401: checking for gcc option to accept ANSI C
configure:2471: gcc  -c -g -O2  conftest.c >&5
configure:2477: $? = 0
configure:2481: test -z 
			 || test ! -s conftest.err
configure:2484: $? = 0
configure:2487: test -s conftest.o
configure:2490: $? = 0
configure:2508: result: none needed
configure:2526: gcc -c -g -O2  conftest.c >&5
conftest.c:2: error: parse error before "me"
configure:2532: $? = 1
configure: failed program was:
| #ifndef __cplusplus
|   choke me
| #endif
configure:2667: checking dependency style of gcc
configure:2729: result: gcc3
configure:2736: checking for strerror in -lcposix
configure:2766: gcc -o conftest -g -O2   conftest.c -lcposix   >&5
/usr/lib/gcc-lib/i586-suse-linux/3.3.4/../../../../i586-suse-linux/bin/ld: cannot find -lcposix
collect2: ld returned 1 exit status
configure:2772: $? = 1
configure: failed program was:
| /* confdefs.h.  */
| 
| #define PACKAGE_NAME ""
| #define PACKAGE_TARNAME ""
| #define PACKAGE_VERSION ""
| #define PACKAGE_STRING ""
| #define PACKAGE_BUGREPORT ""
| #define PACKAGE "gyach"
| #define VERSION "0.9.2"
| /* end confdefs.h.  */
| 
| /* Override any gcc2 internal prototype to avoid an error.  */
| #ifdef __cplusplus
| extern "C"
| #endif
| /* We use char because int might match the return type of a gcc2
|    builtin and then its argument prototype would still apply.  */
| char strerror ();
| int
| main ()
| {
| strerror ();
|   ;
|   return 0;
| }
configure:2798: result: no
configure:2852: checking for gcc
configure:2878: result: gcc
configure:3122: checking for C compiler version
configure:3125: gcc --version </dev/null >&5
gcc (GCC) 3.3.4 (pre 3.3.5 20040809)
Copyright (C) 2003 Free Software Foundation, Inc.
This is free software; see the source for copying conditions.  There is NO
warranty; not even for MERCHANTABILITY or FITNESS FOR A PARTICULAR PURPOSE.

configure:3128: $? = 0
configure:3130: gcc -v </dev/null >&5
Reading specs from /usr/lib/gcc-lib/i586-suse-linux/3.3.4/specs
Configured with: ../configure --enable-threads=posix --prefix=/usr --with-local-prefix=/usr/local --infodir=/usr/share/info --mandir=/usr/share/man --enable-languages=c,c++,f77,objc,java,ada --disable-checking --libdir=/usr/lib --enable-libgcj --with-gxx-include-dir=/usr/include/g++ --with-slibdir=/lib --with-system-zlib --enable-shared --enable-__cxa_atexit i586-suse-linux
Thread model: posix
gcc version 3.3.4 (pre 3.3.5 20040809)
configure:3133: $? = 0
configure:3135: gcc -V </dev/null >&5
gcc: `-V' option must have argument
configure:3138: $? = 1
configure:3141: checking whether we are using the GNU C compiler
configure:3197: result: yes
configure:3203: checking whether gcc accepts -g
configure:3254: result: yes
configure:3271: checking for gcc option to accept ANSI C
configure:3378: result: none needed
configure:3396: gcc -c -g -O2  conftest.c >&5
conftest.c:2: error: parse error before "me"
configure:3402: $? = 1
configure: failed program was:
| #ifndef __cplusplus
|   choke me
| #endif
configure:3537: checking dependency style of gcc
configure:3599: result: gcc3
configure:3607: checking for gcc option to accept ANSI C
configure:3670: gcc  -c -g -O2  conftest.c >&5
configure:3676: $? = 0
configure:3680: test -z 
			 || test ! -s conftest.err
configure:3683: $? = 0
configure:3686: test -s conftest.o
configure:3689: $? = 0
configure:3704: result: none needed
configure:3720: checking how to run the C preprocessor
configure:3755: gcc -E  conftest.c
configure:3761: $? = 0
configure:3793: gcc -E  conftest.c
conftest.c:11:28: ac_nonexistent.h: No such file or directory
configure:3799: $? = 1
configure: failed program was:
| /* confdefs.h.  */
| 
| #define PACKAGE_NAME ""
| #define PACKAGE_TARNAME ""
| #define PACKAGE_VERSION ""
| #define PACKAGE_STRING ""
| #define PACKAGE_BUGREPORT ""
| #define PACKAGE "gyach"
| #define VERSION "0.9.2"
| /* end confdefs.h.  */
| #include <ac_nonexistent.h>
configure:3838: result: gcc -E
configure:3862: gcc -E  conftest.c
configure:3868: $? = 0
configure:3900: gcc -E  conftest.c
conftest.c:11:28: ac_nonexistent.h: No such file or directory
configure:3906: $? = 1
configure: failed program was:
| /* confdefs.h.  */
| 
| #define PACKAGE_NAME ""
| #define PACKAGE_TARNAME ""
| #define PACKAGE_VERSION ""
| #define PACKAGE_STRING ""
| #define PACKAGE_BUGREPORT ""
| #define PACKAGE "gyach"
| #define VERSION "0.9.2"
| /* end confdefs.h.  */
| #include <ac_nonexistent.h>
configure:3950: checking for egrep
configure:3960: result: grep -E
configure:3965: checking for ANSI C header files
configure:3990: gcc -c -g -O2  conftest.c >&5
configure:3996: $? = 0
configure:4000: test -z 
			 || test ! -s conftest.err
configure:4003: $? = 0
configure:4006: test -s conftest.o
configure:4009: $? = 0
configure:4098: gcc -o conftest -g -O2   conftest.c  >&5
configure:4101: $? = 0
configure:4103: ./conftest
configure:4106: $? = 0
configure:4121: result: yes
configure:4590: checking for pthread_create in -lc_r
configure:4620: gcc -o conftest -g -O2 -DXTHREADS -D_REENTRANT -DXUSE_MTSAFE_API -pthread -I/opt/gnome/include/gtk-2.0 -I/opt/gnome/lib/gtk-2.0/include -I/usr/X11R6/include -I/opt/gnome/include/atk-1.0 -I/opt/gnome/include/pango-1.0 -I/usr/include/freetype2 -I/usr/include/freetype2/config -I/opt/gnome/include/glib-2.0 -I/opt/gnome/lib/glib-2.0/include     conftest.c -lc_r   -Wl,--export-dynamic -pthread -L/opt/gnome/lib -lgtk-x11-2.0 -lgdk-x11-2.0 -latk-1.0 -lgdk_pixbuf-2.0 -lm -lpangoxft-1.0 -lpangox-1.0 -lpango-1.0 -lgobject-2.0 -lgmodule-2.0 -ldl -lgthread-2.0 -lglib-2.0   >&5
/usr/lib/gcc-lib/i586-suse-linux/3.3.4/../../../../i586-suse-linux/bin/ld: cannot find -lc_r
collect2: ld returned 1 exit status
configure:4626: $? = 1
configure: failed program was:
| /* confdefs.h.  */
| 
| #define PACKAGE_NAME ""
| #define PACKAGE_TARNAME ""
| #define PACKAGE_VERSION ""
| #define PACKAGE_STRING ""
| #define PACKAGE_BUGREPORT ""
| #define PACKAGE "gyach"
| #define VERSION "0.9.2"
| #define STDC_HEADERS 1
| #define USE_GTK2 1
| /* end confdefs.h.  */
| 
| /* Override any gcc2 internal prototype to avoid an error.  */
| #ifdef __cplusplus
| extern "C"
| #endif
| /* We use char because int might match the return type of a gcc2
|    builtin and then its argument prototype would still apply.  */
| char pthread_create ();
| int
| main ()
| {
| pthread_create ();
|   ;
|   return 0;
| }
configure:4652: result: no
configure:4855: creating ./config.status

## ---------------- ##
## Cache variables. ##
## ---------------- ##

ac_cv_c_compiler_gnu=yes
ac_cv_env_CC_set=
ac_cv_env_CC_value=
ac_cv_env_CFLAGS_set=
ac_cv_env_CFLAGS_value=
ac_cv_env_CPPFLAGS_set=
ac_cv_env_CPPFLAGS_value=
ac_cv_env_CPP_set=
ac_cv_env_CPP_value=
ac_cv_env_LDFLAGS_set=
ac_cv_env_LDFLAGS_value=
ac_cv_env_build_alias_set=
ac_cv_env_build_alias_value=
ac_cv_env_host_alias_set=
ac_cv_env_host_alias_value=
ac_cv_env_target_alias_set=
ac_cv_env_target_alias_value=
ac_cv_exeext=
ac_cv_header_stdc=yes
ac_cv_lib_c_r_pthread_create=no
ac_cv_lib_cposix_strerror=no
ac_cv_objext=o
ac_cv_path_install='/usr/bin/install -c'
ac_cv_prog_AWK=gawk
ac_cv_prog_CPP='gcc -E'
ac_cv_prog_ac_ct_CC=gcc
ac_cv_prog_cc_g=yes
ac_cv_prog_cc_stdc=
ac_cv_prog_egrep='grep -E'
ac_cv_prog_make_make_set=yes
am_cv_CC_dependencies_compiler_type=gcc3
am_cv_prog_cc_stdc=

## ----------------- ##
## Output variables. ##
## ----------------- ##

ACLOCAL='${SHELL} /Compile/gyach-pyvoice/gyach/missing --run aclocal-1.6'
AMDEPBACKSLASH='\'
AMDEP_FALSE='#'
AMDEP_TRUE=''
AMTAR='${SHELL} /Compile/gyach-pyvoice/gyach/missing --run tar'
AUTOCONF='${SHELL} /Compile/gyach-pyvoice/gyach/missing --run autoconf'
AUTOHEADER='${SHELL} /Compile/gyach-pyvoice/gyach/missing --run autoheader'
AUTOMAKE='${SHELL} /Compile/gyach-pyvoice/gyach/missing --run automake-1.6'
AWK='gawk'
CC='gcc'
CCDEPMODE='depmode=gcc3'
CFLAGS='-g -O2 -DXTHREADS -D_REENTRANT -DXUSE_MTSAFE_API -pthread -I/opt/gnome/include/gtk-2.0 -I/opt/gnome/lib/gtk-2.0/include -I/usr/X11R6/include -I/opt/gnome/include/atk-1.0 -I/opt/gnome/include/pango-1.0 -I/usr/include/freetype2 -I/usr/include/freetype2/config -I/opt/gnome/include/glib-2.0 -I/opt/gnome/lib/glib-2.0/include   -Wall'
CPP='gcc -E'
CPPFLAGS=''
DEFS='-DHAVE_CONFIG_H'
DEPDIR='.deps'
ECHO_C=''
ECHO_N='-n'
ECHO_T=''
EGREP='grep -E'
EXEEXT=''
GTK_CFLAGS='-DXTHREADS -D_REENTRANT -DXUSE_MTSAFE_API -pthread -I/opt/gnome/include/gtk-2.0 -I/opt/gnome/lib/gtk-2.0/include -I/usr/X11R6/include -I/opt/gnome/include/atk-1.0 -I/opt/gnome/include/pango-1.0 -I/usr/include/freetype2 -I/usr/include/freetype2/config -I/opt/gnome/include/glib-2.0 -I/opt/gnome/lib/glib-2.0/include  '
GTK_CONFIG=''
GTK_LIBS='-Wl,--export-dynamic -pthread -L/opt/gnome/lib -lgtk-x11-2.0 -lgdk-x11-2.0 -latk-1.0 -lgdk_pixbuf-2.0 -lm -lpangoxft-1.0 -lpangox-1.0 -lpango-1.0 -lgobject-2.0 -lgmodule-2.0 -ldl -lgthread-2.0 -lglib-2.0  '
INSTALL_DATA='${INSTALL} -m 644'
INSTALL_PROGRAM='${INSTALL}'
INSTALL_SCRIPT='${INSTALL}'
INSTALL_STRIP_PROGRAM='${SHELL} $(install_sh) -c -s'
LDFLAGS=''
LIBOBJS=''
LIBS=' -Wl,--export-dynamic -pthread -L/opt/gnome/lib -lgtk-x11-2.0 -lgdk-x11-2.0 -latk-1.0 -lgdk_pixbuf-2.0 -lm -lpangoxft-1.0 -lpangox-1.0 -lpango-1.0 -lgobject-2.0 -lgmodule-2.0 -ldl -lgthread-2.0 -lglib-2.0  '
LTLIBOBJS=''
MAKEINFO='${SHELL} /Compile/gyach-pyvoice/gyach/missing --run makeinfo'
OBJEXT='o'
PACKAGE='gyach'
PACKAGE_BUGREPORT=''
PACKAGE_NAME=''
PACKAGE_STRING=''
PACKAGE_TARNAME=''
PACKAGE_VERSION=''
PATH_SEPARATOR=':'
SET_MAKE=''
SHELL='/bin/sh'
STRIP=''
VERSION='0.9.2'
ac_ct_CC='gcc'
ac_ct_STRIP=''
am__include='include'
am__quote=''
bindir='${exec_prefix}/bin'
build_alias=''
datadir='${prefix}/share'
exec_prefix='${prefix}'
gdkpixbufpath=''
host_alias=''
includedir='${prefix}/include'
infodir='${prefix}/info'
install_sh='/Compile/gyach-pyvoice/gyach/install-sh'
libdir='${exec_prefix}/lib'
libexecdir='${exec_prefix}/libexec'
localstatedir='${prefix}/var'
mandir='${prefix}/man'
oldincludedir='/usr/include'
prefix='/usr/local'
program_transform_name='s,x,x,'
sbindir='${exec_prefix}/sbin'
sharedstatedir='${prefix}/com'
sysconfdir='${prefix}/etc'
target_alias=''

## ----------- ##
## confdefs.h. ##
## ----------- ##

#define DBG_LEVEL 0
#define GYACH_INT_TEXT 1
#define PACKAGE "gyach"
#define PACKAGE_BUGREPORT ""
#define PACKAGE_DATA_DIR "/usr/local/share/gyach"
#define PACKAGE_NAME ""
#define PACKAGE_SOURCE_DIR "/Compile/gyach-pyvoice/gyach"
#define PACKAGE_STRING ""
#define PACKAGE_TARNAME ""
#define PACKAGE_VERSION ""
#define SHOW_STATUS_PIXMAPS 1
#define STDC_HEADERS 1
#define USE_GTK2 1
#define USE_PTHREAD_CREATE 1
#define VERSION "0.9.2"

configure: exit 0

## ---------------------- ##
## Running config.status. ##
## ---------------------- ##

This file was extended by config.status, which was
generated by GNU Autoconf 2.59.  Invocation command line was

  CONFIG_FILES    = 
  CONFIG_HEADERS  = 
  CONFIG_LINKS    = 
  CONFIG_COMMANDS = 
  $ ./config.status Makefile

on phrozensmoke1

config.status:687: creating Makefile

## ---------------------- ##
## Running config.status. ##
## ---------------------- ##

This file was extended by config.status, which was
generated by GNU Autoconf 2.59.  Invocation command line was

  CONFIG_FILES    = 
  CONFIG_HEADERS  = 
  CONFIG_LINKS    = 
  CONFIG_COMMANDS = 
  $ ./config.status config.h

on phrozensmoke1

config.status:791: creating config.h

## ---------------------- ##
## Running config.status. ##
## ---------------------- ##

This file was extended by config.status, which was
generated by GNU Autoconf 2.59.  Invocation command line was

  CONFIG_FILES    = 
  CONFIG_HEADERS  = 
  CONFIG_LINKS    = 
  CONFIG_COMMANDS = 
  $ ./config.status src/Makefile depfiles

on phrozensmoke1

config.status:687: creating src/Makefile
config.status:1057: executing depfiles commands
